<?xml version="1.0" encoding="UTF-8"?>
<testsuite xmlns:xsi="http://www.w3.org/2001/XMLSchema-instance" xsi:noNamespaceSchemaLocation="https://maven.apache.org/surefire/maven-surefire-plugin/xsd/surefire-test-report-3.0.xsd" version="3.0" name="TestSuite" time="7.627" tests="5" errors="0" skipped="0" failures="0">
  <properties>
    <property name="java.specification.version" value="20"/>
    <property name="sun.cpu.isalist" value="amd64"/>
    <property name="sun.jnu.encoding" value="Cp1252"/>
    <property name="java.class.path" value="C:\Users\zahid\OneDrive\Documents\Automation\rest-assured-automation\VideoGame\target\test-classes;C:\Users\zahid\OneDrive\Documents\Automation\rest-assured-automation\VideoGame\target\classes;C:\Users\zahid\.m2\repository\org\testng\testng\7.7.1\testng-7.7.1.jar;C:\Users\zahid\.m2\repository\org\slf4j\slf4j-api\1.7.36\slf4j-api-1.7.36.jar;C:\Users\zahid\.m2\repository\com\beust\jcommander\1.82\jcommander-1.82.jar;C:\Users\zahid\.m2\repository\org\webjars\jquery\3.6.1\jquery-3.6.1.jar;C:\Users\zahid\.m2\repository\junit\junit\3.8.1\junit-3.8.1.jar;C:\Users\zahid\.m2\repository\io\rest-assured\rest-assured\5.3.0\rest-assured-5.3.0.jar;C:\Users\zahid\.m2\repository\org\apache\groovy\groovy\4.0.6\groovy-4.0.6.jar;C:\Users\zahid\.m2\repository\org\apache\groovy\groovy-xml\4.0.6\groovy-xml-4.0.6.jar;C:\Users\zahid\.m2\repository\org\apache\httpcomponents\httpclient\4.5.13\httpclient-4.5.13.jar;C:\Users\zahid\.m2\repository\org\apache\httpcomponents\httpcore\4.4.13\httpcore-4.4.13.jar;C:\Users\zahid\.m2\repository\commons-logging\commons-logging\1.2\commons-logging-1.2.jar;C:\Users\zahid\.m2\repository\commons-codec\commons-codec\1.11\commons-codec-1.11.jar;C:\Users\zahid\.m2\repository\org\apache\httpcomponents\httpmime\4.5.13\httpmime-4.5.13.jar;C:\Users\zahid\.m2\repository\org\hamcrest\hamcrest\2.1\hamcrest-2.1.jar;C:\Users\zahid\.m2\repository\org\ccil\cowan\tagsoup\tagsoup\1.2.1\tagsoup-1.2.1.jar;C:\Users\zahid\.m2\repository\io\rest-assured\json-schema-validator\5.3.1\json-schema-validator-5.3.1.jar;C:\Users\zahid\.m2\repository\com\github\java-json-tools\json-schema-validator\2.2.14\json-schema-validator-2.2.14.jar;C:\Users\zahid\.m2\repository\com\github\java-json-tools\jackson-coreutils-equivalence\1.0\jackson-coreutils-equivalence-1.0.jar;C:\Users\zahid\.m2\repository\com\fasterxml\jackson\core\jackson-databind\2.11.0\jackson-databind-2.11.0.jar;C:\Users\zahid\.m2\repository\com\fasterxml\jackson\core\jackson-annotations\2.11.0\jackson-annotations-2.11.0.jar;C:\Users\zahid\.m2\repository\com\fasterxml\jackson\core\jackson-core\2.11.0\jackson-core-2.11.0.jar;C:\Users\zahid\.m2\repository\com\github\java-json-tools\jackson-coreutils\2.0\jackson-coreutils-2.0.jar;C:\Users\zahid\.m2\repository\com\github\java-json-tools\msg-simple\1.2\msg-simple-1.2.jar;C:\Users\zahid\.m2\repository\com\github\java-json-tools\btf\1.3\btf-1.3.jar;C:\Users\zahid\.m2\repository\com\github\java-json-tools\json-schema-core\1.2.14\json-schema-core-1.2.14.jar;C:\Users\zahid\.m2\repository\com\github\java-json-tools\uri-template\0.10\uri-template-0.10.jar;C:\Users\zahid\.m2\repository\org\mozilla\rhino\1.7.7.2\rhino-1.7.7.2.jar;C:\Users\zahid\.m2\repository\com\sun\mail\mailapi\1.6.2\mailapi-1.6.2.jar;C:\Users\zahid\.m2\repository\joda-time\joda-time\2.10.5\joda-time-2.10.5.jar;C:\Users\zahid\.m2\repository\com\googlecode\libphonenumber\libphonenumber\8.11.1\libphonenumber-8.11.1.jar;C:\Users\zahid\.m2\repository\com\google\code\findbugs\jsr305\3.0.2\jsr305-3.0.2.jar;C:\Users\zahid\.m2\repository\net\sf\jopt-simple\jopt-simple\5.0.4\jopt-simple-5.0.4.jar;C:\Users\zahid\.m2\repository\com\google\guava\guava\32.0.1-jre\guava-32.0.1-jre.jar;C:\Users\zahid\.m2\repository\com\google\guava\failureaccess\1.0.1\failureaccess-1.0.1.jar;C:\Users\zahid\.m2\repository\com\google\guava\listenablefuture\9999.0-empty-to-avoid-conflict-with-guava\listenablefuture-9999.0-empty-to-avoid-conflict-with-guava.jar;C:\Users\zahid\.m2\repository\org\checkerframework\checker-qual\3.33.0\checker-qual-3.33.0.jar;C:\Users\zahid\.m2\repository\com\google\errorprone\error_prone_annotations\2.18.0\error_prone_annotations-2.18.0.jar;C:\Users\zahid\.m2\repository\com\google\j2objc\j2objc-annotations\2.8\j2objc-annotations-2.8.jar;C:\Users\zahid\.m2\repository\io\rest-assured\json-path\5.3.1\json-path-5.3.1.jar;C:\Users\zahid\.m2\repository\org\apache\groovy\groovy-json\4.0.11\groovy-json-4.0.11.jar;C:\Users\zahid\.m2\repository\io\rest-assured\rest-assured-common\5.3.1\rest-assured-common-5.3.1.jar;C:\Users\zahid\.m2\repository\io\rest-assured\xml-path\5.3.1\xml-path-5.3.1.jar;C:\Users\zahid\.m2\repository\org\apache\commons\commons-lang3\3.11\commons-lang3-3.11.jar;C:\Users\zahid\.m2\repository\org\slf4j\slf4j-simple\1.7.21\slf4j-simple-1.7.21.jar;C:\Users\zahid\.m2\repository\com\googlecode\json-simple\json-simple\1.1.1\json-simple-1.1.1.jar;"/>
    <property name="java.vm.vendor" value="Oracle Corporation"/>
    <property name="sun.arch.data.model" value="64"/>
    <property name="user.variant" value=""/>
    <property name="java.vendor.url" value="https://java.oracle.com/"/>
    <property name="user.timezone" value="America/Chicago"/>
    <property name="os.name" value="Windows 11"/>
    <property name="java.vm.specification.version" value="20"/>
    <property name="sun.java.launcher" value="SUN_STANDARD"/>
    <property name="user.country" value="US"/>
    <property name="sun.boot.library.path" value="C:\Program Files\Java\jdk-20\bin"/>
    <property name="sun.java.command" value="C:\Users\zahid\AppData\Local\Temp\surefire11357633111637129975\surefirebooter-20230705222253750_3.jar C:\Users\zahid\AppData\Local\Temp\surefire11357633111637129975 2023-07-05T22-22-50_819-jvmRun1 surefire-20230705222253750_1tmp surefire_0-20230705222253750_2tmp"/>
    <property name="jdk.debug" value="release"/>
    <property name="surefire.test.class.path" value="C:\Users\zahid\OneDrive\Documents\Automation\rest-assured-automation\VideoGame\target\test-classes;C:\Users\zahid\OneDrive\Documents\Automation\rest-assured-automation\VideoGame\target\classes;C:\Users\zahid\.m2\repository\org\testng\testng\7.7.1\testng-7.7.1.jar;C:\Users\zahid\.m2\repository\org\slf4j\slf4j-api\1.7.36\slf4j-api-1.7.36.jar;C:\Users\zahid\.m2\repository\com\beust\jcommander\1.82\jcommander-1.82.jar;C:\Users\zahid\.m2\repository\org\webjars\jquery\3.6.1\jquery-3.6.1.jar;C:\Users\zahid\.m2\repository\junit\junit\3.8.1\junit-3.8.1.jar;C:\Users\zahid\.m2\repository\io\rest-assured\rest-assured\5.3.0\rest-assured-5.3.0.jar;C:\Users\zahid\.m2\repository\org\apache\groovy\groovy\4.0.6\groovy-4.0.6.jar;C:\Users\zahid\.m2\repository\org\apache\groovy\groovy-xml\4.0.6\groovy-xml-4.0.6.jar;C:\Users\zahid\.m2\repository\org\apache\httpcomponents\httpclient\4.5.13\httpclient-4.5.13.jar;C:\Users\zahid\.m2\repository\org\apache\httpcomponents\httpcore\4.4.13\httpcore-4.4.13.jar;C:\Users\zahid\.m2\repository\commons-logging\commons-logging\1.2\commons-logging-1.2.jar;C:\Users\zahid\.m2\repository\commons-codec\commons-codec\1.11\commons-codec-1.11.jar;C:\Users\zahid\.m2\repository\org\apache\httpcomponents\httpmime\4.5.13\httpmime-4.5.13.jar;C:\Users\zahid\.m2\repository\org\hamcrest\hamcrest\2.1\hamcrest-2.1.jar;C:\Users\zahid\.m2\repository\org\ccil\cowan\tagsoup\tagsoup\1.2.1\tagsoup-1.2.1.jar;C:\Users\zahid\.m2\repository\io\rest-assured\json-schema-validator\5.3.1\json-schema-validator-5.3.1.jar;C:\Users\zahid\.m2\repository\com\github\java-json-tools\json-schema-validator\2.2.14\json-schema-validator-2.2.14.jar;C:\Users\zahid\.m2\repository\com\github\java-json-tools\jackson-coreutils-equivalence\1.0\jackson-coreutils-equivalence-1.0.jar;C:\Users\zahid\.m2\repository\com\fasterxml\jackson\core\jackson-databind\2.11.0\jackson-databind-2.11.0.jar;C:\Users\zahid\.m2\repository\com\fasterxml\jackson\core\jackson-annotations\2.11.0\jackson-annotations-2.11.0.jar;C:\Users\zahid\.m2\repository\com\fasterxml\jackson\core\jackson-core\2.11.0\jackson-core-2.11.0.jar;C:\Users\zahid\.m2\repository\com\github\java-json-tools\jackson-coreutils\2.0\jackson-coreutils-2.0.jar;C:\Users\zahid\.m2\repository\com\github\java-json-tools\msg-simple\1.2\msg-simple-1.2.jar;C:\Users\zahid\.m2\repository\com\github\java-json-tools\btf\1.3\btf-1.3.jar;C:\Users\zahid\.m2\repository\com\github\java-json-tools\json-schema-core\1.2.14\json-schema-core-1.2.14.jar;C:\Users\zahid\.m2\repository\com\github\java-json-tools\uri-template\0.10\uri-template-0.10.jar;C:\Users\zahid\.m2\repository\org\mozilla\rhino\1.7.7.2\rhino-1.7.7.2.jar;C:\Users\zahid\.m2\repository\com\sun\mail\mailapi\1.6.2\mailapi-1.6.2.jar;C:\Users\zahid\.m2\repository\joda-time\joda-time\2.10.5\joda-time-2.10.5.jar;C:\Users\zahid\.m2\repository\com\googlecode\libphonenumber\libphonenumber\8.11.1\libphonenumber-8.11.1.jar;C:\Users\zahid\.m2\repository\com\google\code\findbugs\jsr305\3.0.2\jsr305-3.0.2.jar;C:\Users\zahid\.m2\repository\net\sf\jopt-simple\jopt-simple\5.0.4\jopt-simple-5.0.4.jar;C:\Users\zahid\.m2\repository\com\google\guava\guava\32.0.1-jre\guava-32.0.1-jre.jar;C:\Users\zahid\.m2\repository\com\google\guava\failureaccess\1.0.1\failureaccess-1.0.1.jar;C:\Users\zahid\.m2\repository\com\google\guava\listenablefuture\9999.0-empty-to-avoid-conflict-with-guava\listenablefuture-9999.0-empty-to-avoid-conflict-with-guava.jar;C:\Users\zahid\.m2\repository\org\checkerframework\checker-qual\3.33.0\checker-qual-3.33.0.jar;C:\Users\zahid\.m2\repository\com\google\errorprone\error_prone_annotations\2.18.0\error_prone_annotations-2.18.0.jar;C:\Users\zahid\.m2\repository\com\google\j2objc\j2objc-annotations\2.8\j2objc-annotations-2.8.jar;C:\Users\zahid\.m2\repository\io\rest-assured\json-path\5.3.1\json-path-5.3.1.jar;C:\Users\zahid\.m2\repository\org\apache\groovy\groovy-json\4.0.11\groovy-json-4.0.11.jar;C:\Users\zahid\.m2\repository\io\rest-assured\rest-assured-common\5.3.1\rest-assured-common-5.3.1.jar;C:\Users\zahid\.m2\repository\io\rest-assured\xml-path\5.3.1\xml-path-5.3.1.jar;C:\Users\zahid\.m2\repository\org\apache\commons\commons-lang3\3.11\commons-lang3-3.11.jar;C:\Users\zahid\.m2\repository\org\slf4j\slf4j-simple\1.7.21\slf4j-simple-1.7.21.jar;C:\Users\zahid\.m2\repository\com\googlecode\json-simple\json-simple\1.1.1\json-simple-1.1.1.jar;"/>
    <property name="sun.cpu.endian" value="little"/>
    <property name="user.home" value="C:\Users\zahid"/>
    <property name="user.language" value="en"/>
    <property name="java.specification.vendor" value="Oracle Corporation"/>
    <property name="java.version.date" value="2023-04-18"/>
    <property name="java.home" value="C:\Program Files\Java\jdk-20"/>
    <property name="file.separator" value="\"/>
    <property name="basedir" value="C:\Users\zahid\OneDrive\Documents\Automation\rest-assured-automation\VideoGame"/>
    <property name="java.vm.compressedOopsMode" value="Zero based"/>
    <property name="line.separator" value="&#10;"/>
    <property name="java.vm.specification.vendor" value="Oracle Corporation"/>
    <property name="java.specification.name" value="Java Platform API Specification"/>
    <property name="surefire.real.class.path" value="C:\Users\zahid\AppData\Local\Temp\surefire11357633111637129975\surefirebooter-20230705222253750_3.jar"/>
    <property name="user.script" value=""/>
    <property name="sun.management.compiler" value="HotSpot 64-Bit Tiered Compilers"/>
    <property name="java.runtime.version" value="20.0.1+9-29"/>
    <property name="user.name" value="zahid"/>
    <property name="stdout.encoding" value="Cp1252"/>
    <property name="path.separator" value=";"/>
    <property name="os.version" value="10.0"/>
    <property name="java.runtime.name" value="Java(TM) SE Runtime Environment"/>
    <property name="file.encoding" value="UTF-8"/>
    <property name="java.vm.name" value="Java HotSpot(TM) 64-Bit Server VM"/>
    <property name="localRepository" value="C:\Users\zahid\.m2\repository"/>
    <property name="java.vendor.url.bug" value="https://bugreport.java.com/bugreport/"/>
    <property name="java.io.tmpdir" value="C:\Users\zahid\AppData\Local\Temp\"/>
    <property name="java.version" value="20.0.1"/>
    <property name="user.dir" value="C:\Users\zahid\OneDrive\Documents\Automation\rest-assured-automation\VideoGame"/>
    <property name="os.arch" value="amd64"/>
    <property name="java.vm.specification.name" value="Java Virtual Machine Specification"/>
    <property name="sun.os.patch.level" value=""/>
    <property name="native.encoding" value="Cp1252"/>
    <property name="java.library.path" value="C:\Program Files\Java\jdk-20\bin;C:\WINDOWS\Sun\Java\bin;C:\WINDOWS\system32;C:\WINDOWS;C:\Program Files\Common Files\Oracle\Java\javapath;C:\WINDOWS\system32;C:\WINDOWS;C:\WINDOWS\System32\Wbem;C:\WINDOWS\System32\WindowsPowerShell\v1.0\;C:\WINDOWS\System32\OpenSSH\;C:\Users\zahid\AppData\Local\Programs\Python\Python39;C:\Users\zahid\AppData\Local\Programs\Python\Python39\Scripts;C:\Program Files\apache_maven\apache-maven-3.8.7\bin;C:\Users\zahid\OneDrive\Documents\Automation\PerformanceTesting\apache-jmeter-5.5\bin;C:\Program Files\Git\cmd;C:\Users\zahid\AppData\Local\Android\Sdk\tools;C:\Users\zahid\AppData\Local\Android\Sdk\tools\bin;C:\Users\zahid\AppData\Local\Android\Sdk\platform-tools;C:\Program Files\Java\jdk-20\bin;C:\Program Files\nodejs\;C:\Program Files\gradle-5.6.2\bin;C:\Users\zahid\AppData\Local\Programs\Python\Python39\Scripts\;C:\Users\zahid\AppData\Local\Programs\Python\Python39\;C:\Users\zahid\scoop\shims;C:\Users\zahid\AppData\Local\Microsoft\WindowsApps;C:\MinGW\bin;C:\Users\zahid\AppData\Local\JetBrains\Toolbox\scripts;C:\Users\zahid\AppData\Local\Microsoft\WindowsApps;C:\Users\zahid\AppData\Local\Programs\Microsoft VS Code\bin;C:\Users\zahid\AppData\Local\GitHubDesktop\bin;C:\Users\zahid\AppData\Roaming\npm;."/>
    <property name="java.vm.info" value="mixed mode, sharing"/>
    <property name="stderr.encoding" value="Cp1252"/>
    <property name="java.vendor" value="Oracle Corporation"/>
    <property name="java.vm.version" value="20.0.1+9-29"/>
    <property name="sun.io.unicode.encoding" value="UnicodeLittle"/>
    <property name="java.class.version" value="64.0"/>
  </properties>
  <testcase name="test_Getallvideogames" classname="testCases.TC_VideoGameAPI" time="3.589"/>
  <testcase name="test_AddNewVideoGame" classname="testCases.TC_VideoGameAPI" time="0.824">
    <system-out><![CDATA[{"status": "Record Added Successfully"}
]]></system-out>
    <system-err><![CDATA[[Fatal Error] :1:1: Content is not allowed in prolog.
]]></system-err>
  </testcase>
  <testcase name="test_GetVideoGamesById" classname="testCases.TC_VideoGameAPI" time="1.667">
    <system-out><![CDATA[<videoGame category="Adventure" rating="Universal">
  <id>1010</id>
  <name>Batman</name>
  <releaseDate>2023-07-05T00:00:00-05:00</releaseDate>
  <reviewScore>50</reviewScore>
</videoGame>
]]></system-out>
  </testcase>
  <testcase name="test_UpdateVideoGame" classname="testCases.TC_VideoGameAPI" time="0.133">
    <system-out><![CDATA[<videoGame category="Adventure" rating="Universal">
  <id>1010</id>
  <name>Pacman</name>
  <releaseDate>2023-07-05T00:00:00-05:00</releaseDate>
  <reviewScore>500</reviewScore>
</videoGame>
]]></system-out>
  </testcase>
  <testcase name="test_DeleteVideoGame" classname="testCases.TC_VideoGameAPI" time="0.046">
    <system-out><![CDATA[{"status": "Record Deleted Successfully"}
]]></system-out>
    <system-err><![CDATA[[Fatal Error] :1:1: Content is not allowed in prolog.
]]></system-err>
  </testcase>
</testsuite>