<?xml version="1.0" encoding="UTF-8"?>
<!-- Generated by org.testng.reporters.JUnitReportReporter -->
<testsuite hostname="MdZahidArefinLenovoLaptop" failures="0" tests="5" name="testCases.TC_VideoGameAPI" time="7.205" errors="0" timestamp="2023-07-05T22:03:10 CDT" skipped="0">
  <testcase classname="testCases.TC_VideoGameAPI" name="test_Getallvideogames" time="4.285"/>
  <system-out/>
  <testcase classname="testCases.TC_VideoGameAPI" name="test_AddNewVideoGame" time="1.014"/>
  <system-out/>
  <testcase classname="testCases.TC_VideoGameAPI" name="test_GetVideoGamesById" time="1.682"/>
  <system-out/>
  <testcase classname="testCases.TC_VideoGameAPI" name="test_UpdateVideoGame" time="0.181"/>
  <system-out/>
  <testcase classname="testCases.TC_VideoGameAPI" name="test_DeleteVideoGame" time="0.043"/>
  <system-out/>
</testsuite> <!-- testCases.TC_VideoGameAPI -->
