<?xml version="1.0" encoding="UTF-8"?>
<!-- Generated by org.testng.reporters.JUnitReportReporter -->
<testsuite hostname="MdZahidArefinLenovoLaptop" failures="0" tests="5" name="testCases.TC_VideoGameAPI" time="6.259" errors="0" timestamp="2023-07-05T22:23:02 CDT" skipped="0">
  <testcase classname="testCases.TC_VideoGameAPI" name="test_Getallvideogames" time="3.590"/>
  <system-out/>
  <testcase classname="testCases.TC_VideoGameAPI" name="test_AddNewVideoGame" time="0.807"/>
  <system-out/>
  <testcase classname="testCases.TC_VideoGameAPI" name="test_GetVideoGamesById" time="1.684"/>
  <system-out/>
  <testcase classname="testCases.TC_VideoGameAPI" name="test_UpdateVideoGame" time="0.135"/>
  <system-out/>
  <testcase classname="testCases.TC_VideoGameAPI" name="test_DeleteVideoGame" time="0.043"/>
  <system-out/>
</testsuite> <!-- testCases.TC_VideoGameAPI -->
